Opened log file 'D:\repos\reverse\littlebigreversing\work\crash\scene11-branchA-nextfetch74-proof.log'

************* Preparing the environment for Debugger Extensions Gallery repositories **************
   ExtensionRepository : Implicit
   UseExperimentalFeatureForNugetShare : true
   AllowNugetExeUpdate : true
   NonInteractiveNuget : true
   AllowNugetMSCredentialProviderInstall : true
   AllowParallelInitializationOfLocalRepositories : true
   EnableRedirectToChakraJsProvider : false

   -- Configuring repositories
      ----> Repository : LocalInstalled, Enabled: true
      ----> Repository : UserExtensions, Enabled: true

>>>>>>>>>>>>> Preparing the environment for Debugger Extensions Gallery repositories completed, duration 0.000 seconds

************* Waiting for Debugger Extensions Gallery to Initialize **************

>>>>>>>>>>>>> Waiting for Debugger Extensions Gallery to Initialize completed, duration 0.031 seconds
   ----> Repository : UserExtensions, Enabled: true, Packages count: 0
   ----> Repository : LocalInstalled, Enabled: true, Packages count: 46

Microsoft (R) Windows Debugger Version 10.0.29547.1002 AMD64
Copyright (c) Microsoft Corporation. All rights reserved.

*** wait with pending attach
NatVis script successfully loaded from 'C:\Program Files\WindowsApps\Microsoft.WinDbg_1.2603.20001.0_x64__8wekyb3d8bbwe\amd64\Visualizers\atlmfc.natvis'
NatVis script successfully loaded from 'C:\Program Files\WindowsApps\Microsoft.WinDbg_1.2603.20001.0_x64__8wekyb3d8bbwe\amd64\Visualizers\concurrency.natvis'
NatVis script successfully loaded from 'C:\Program Files\WindowsApps\Microsoft.WinDbg_1.2603.20001.0_x64__8wekyb3d8bbwe\amd64\Visualizers\cpp_rest.natvis'
NatVis script successfully loaded from 'C:\Program Files\WindowsApps\Microsoft.WinDbg_1.2603.20001.0_x64__8wekyb3d8bbwe\amd64\Visualizers\ObjectiveC.natvis'
NatVis script successfully loaded from 'C:\Program Files\WindowsApps\Microsoft.WinDbg_1.2603.20001.0_x64__8wekyb3d8bbwe\amd64\Visualizers\stl.natvis'
NatVis script successfully loaded from 'C:\Program Files\WindowsApps\Microsoft.WinDbg_1.2603.20001.0_x64__8wekyb3d8bbwe\amd64\Visualizers\Windows.Data.Json.natvis'
NatVis script successfully loaded from 'C:\Program Files\WindowsApps\Microsoft.WinDbg_1.2603.20001.0_x64__8wekyb3d8bbwe\amd64\Visualizers\Windows.Devices.Geolocation.natvis'
NatVis script successfully loaded from 'C:\Program Files\WindowsApps\Microsoft.WinDbg_1.2603.20001.0_x64__8wekyb3d8bbwe\amd64\Visualizers\Windows.Devices.Sensors.natvis'
NatVis script successfully loaded from 'C:\Program Files\WindowsApps\Microsoft.WinDbg_1.2603.20001.0_x64__8wekyb3d8bbwe\amd64\Visualizers\Windows.Media.natvis'
NatVis script successfully loaded from 'C:\Program Files\WindowsApps\Microsoft.WinDbg_1.2603.20001.0_x64__8wekyb3d8bbwe\amd64\Visualizers\windows.natvis'
NatVis script successfully loaded from 'C:\Program Files\WindowsApps\Microsoft.WinDbg_1.2603.20001.0_x64__8wekyb3d8bbwe\amd64\Visualizers\winrt.natvis'

************* Path validation summary **************
Response                         Time (ms)     Location
Deferred                                       srv*
Symbol search path is: srv*
Executable search path is: 

+------------------------------------------------------------------------+
| This target supports Hardware-enforced Stack Protection. A HW based    |
| "Shadow Stack" may be available to assist in debugging and analysis.   |
| See aka.ms/userhsp for more info.                                      |
|                                                                        |
| dps @ssp                                                               |
|                                                                        |
+------------------------------------------------------------------------+

ModLoad: 00400000 004e3000   D:\repos\reverse\littlebigreversing\work\_innoextract_full\Speedrun\Windows\LBA2_cdrom\LBA2\LBA2.EXE
ModLoad: 7cae0000 7cd47000   C:\WINDOWS\SYSTEM32\ntdll.dll
ModLoad: 77df0000 77faf000   ntdll.dll
ModLoad: 00007ff9`7bd10000 00007ff9`7bd65000   C:\WINDOWS\System32\wow64.dll
ModLoad: 00007ff9`7c890000 00007ff9`7c89b000   C:\WINDOWS\System32\wow64base.dll
ModLoad: 00007ff9`7c960000 00007ff9`7c9e9000   C:\WINDOWS\System32\wow64win.dll
ModLoad: 00007ff9`7c710000 00007ff9`7c729000   C:\WINDOWS\System32\wow64con.dll
ModLoad: 00000000`77de0000 00000000`77dea000   C:\WINDOWS\System32\wow64cpu.dll
ModLoad: 00000000`761a0000 00000000`76290000   KERNEL32.dll
ModLoad: 00000000`77480000 00000000`77748000   KERNELBASE.dll
ModLoad: 00000000`6d6d0000 00000000`6d77e000   apphelp.dll
ModLoad: 00000000`75160000 00000000`75182000   GDI32.dll
ModLoad: 00000000`75880000 00000000`7589a000   win32u.dll
ModLoad: 00000000`75c00000 00000000`75ceb000   gdi32full.dll
ModLoad: 00000000`758a0000 00000000`75925000   msvcp_win.dll
ModLoad: 00000000`76430000 00000000`76540000   ucrtbase.dll
ModLoad: 00000000`75a30000 00000000`75bf9000   USER32.dll
ModLoad: 00000000`76710000 00000000`76795000   ADVAPI32.dll
ModLoad: 00000000`76910000 00000000`769d7000   msvcrt.dll
ModLoad: 00000000`76110000 00000000`76193000   SECHOST.dll
ModLoad: 00000000`74fd0000 00000000`75003000   WINMM.dll
ModLoad: 00000000`77d20000 00000000`77ddc000   RPCRT4.dll
ModLoad: 00000000`61d80000 00000000`61e6c000   DDRAW.dll
ModLoad: 00000000`638f0000 00000000`639f9000   dxgi.dll
ModLoad: 00000000`66ed0000 00000000`66ed7000   DCIMAN32.dll
ModLoad: 00000000`75010000 00000000`75065000   POWRPROF.dll
ModLoad: 00000000`66c50000 00000000`66c86000   dxcore.dll
ModLoad: 00000000`00b90000 00000000`00ba6000   smackw32.dll
ModLoad: 00000000`00bb0000 00000000`00bdb000   mss32.dll
ModLoad: 00000000`777d0000 00000000`777f5000   IMM32.dll
ModLoad: 00000000`74ed0000 00000000`74ede000   UMPDC.dll
ModLoad: 00000000`69e20000 00000000`69ea0000   UxTheme.dll
ModLoad: 00000000`77800000 00000000`77a92000   combase.dll
ModLoad: 00000000`10000000 00000000`100cf000   dxwnd.dll
ModLoad: 00000000`77c00000 00000000`77d19000   MSCTF.dll
ModLoad: 00000000`74eb0000 00000000`74ec5000   AppCore.dll
ModLoad: 00000000`77750000 00000000`777c4000   bcryptPrimitives.dll
ModLoad: 00000000`75ee0000 00000000`75f7f000   OLEAUT32.dll
ModLoad: 00000000`63650000 00000000`63753000   TextInputFramework.dll
ModLoad: 00000000`630c0000 00000000`6319d000   CoreMessaging.dll
ModLoad: 00000000`626e0000 00000000`62972000   CoreUIComponents.dll
ModLoad: 00000000`76810000 00000000`76909000   WinTypes.dll
ModLoad: 00000000`6fa30000 00000000`6fa3a000   CRYPTBASE.dll
ModLoad: 00000000`61d00000 00000000`61d76000   DSOUND.dll
ModLoad: 00000000`62fe0000 00000000`63006000   WINMMBASE.dll
ModLoad: 00000000`61c60000 00000000`61cfa000   ResampleDmo.DLL
ModLoad: 00000000`75df0000 00000000`75ec2000   SHCORE.dll
ModLoad: 00000000`66c20000 00000000`66c29000   msdmo.dll
ModLoad: 00000000`77aa0000 00000000`77bf1000   ole32.dll
ModLoad: 00000000`75d60000 00000000`75de6000   CLBCatQ.DLL
ModLoad: 00000000`67010000 00000000`6708e000   MMDevAPI.DLL
ModLoad: 00000000`74480000 00000000`744a4000   DEVOBJ.dll
ModLoad: 00000000`74f80000 00000000`74fc3000   CFGMGR32.dll
ModLoad: 00000000`66cf0000 00000000`66e5d000   AudioSes.DLL
ModLoad: 00000000`62fc0000 00000000`62fd0000   ResourcePolicyClient.dll
ModLoad: 00000000`61c20000 00000000`61c5d000   WDMAUD.dll
ModLoad: 00000000`61c00000 00000000`61c1b000   WDMAUD2.dll
ModLoad: 00000000`62fb0000 00000000`62fb9000   AVRT.dll
ModLoad: 00000000`61bf0000 00000000`61bfb000   MSACM32.DRV
ModLoad: 00000000`61bd0000 00000000`61bea000   MSACM32.dll
ModLoad: 00000000`61bc0000 00000000`61bc8000   MIDIMAP.dll
ModLoad: 00000000`66f00000 00000000`6700d000   Windows.UI.dll
ModLoad: 00000000`66c30000 00000000`66c4a000   atidx9loader32.dll
ModLoad: 00000000`63a00000 00000000`65a81000   amdxn32.dll
ModLoad: 00000000`76e40000 00000000`77476000   SHELL32.dll
ModLoad: 00000000`769e0000 00000000`76e31000   SETUPAPI.dll
ModLoad: 00000000`75190000 00000000`75874000   Windows.Storage.dll
ModLoad: 00000000`76610000 00000000`76662000   SHLWAPI.dll
ModLoad: 00000000`72e30000 00000000`72e4c000   bcrypt.dll
ModLoad: 00000000`666a0000 00000000`666ce000   amdihk32.dll
ModLoad: 00000000`670f0000 00000000`67115000   dwmapi.dll
ModLoad: 00000000`61ba0000 00000000`61bb6000   MCICDA.dll
(64d8.60cc): Break instruction exception - code 80000003 (first chance)
ntdll!DbgBreakPoint:
00007ff9`7cc00c80 cc              int     3
0:015> .effmach x86
Effective machine: x86 compatible (x86)
0:015:x86> bp 4205c5 "j (@edx==0x00EC2401) '' ; 'gc'"
0:015:x86> g
*** WARNING: Unable to verify checksum for D:\repos\reverse\littlebigreversing\work\_innoextract_full\Speedrun\Windows\LBA2_cdrom\LBA2\LBA2.EXE
LBA2+0x205c5:
004205c5 8a02            mov     al,byte ptr [edx]          ds:002b:00ec2401=74
0:000:x86> bc *
0:000:x86> .echo ---hit74---
---hit74---
0:000:x86> dd 004976d0 L1
004976d0  00ec2401
0:000:x86> db poi(004976d0) L16
00ec2401  74 17 43 00 75 67 00 76-0c 04 00 05 00 96 00 0c  t.C.ug.v........
00ec2411  0f 36 01 02 00 89                                .6....
0:000:x86> bp 4205c5 "j (@edx==0x00EC2402) '' ; 'gc'"
0:000:x86> g
LBA2+0x205c5:
004205c5 8a02            mov     al,byte ptr [edx]          ds:002b:00ec2402=17
0:000:x86> bc *
0:000:x86> .echo ---nextfetch-after-74---
---nextfetch-after-74---
0:000:x86> dd 004976d0 L1
004976d0  00ec2402
0:000:x86> db poi(004976d0) L16
00ec2402  17 43 00 75 67 00 76 0c-04 00 05 00 96 00 0c 0f  .C.ug.v.........
00ec2412  36 01 02 00 89 00                                6.....
0:000:x86> qd
quit:
NatVis script unloaded from 'C:\Program Files\WindowsApps\Microsoft.WinDbg_1.2603.20001.0_x64__8wekyb3d8bbwe\amd64\Visualizers\atlmfc.natvis'
NatVis script unloaded from 'C:\Program Files\WindowsApps\Microsoft.WinDbg_1.2603.20001.0_x64__8wekyb3d8bbwe\amd64\Visualizers\concurrency.natvis'
NatVis script unloaded from 'C:\Program Files\WindowsApps\Microsoft.WinDbg_1.2603.20001.0_x64__8wekyb3d8bbwe\amd64\Visualizers\cpp_rest.natvis'
NatVis script unloaded from 'C:\Program Files\WindowsApps\Microsoft.WinDbg_1.2603.20001.0_x64__8wekyb3d8bbwe\amd64\Visualizers\ObjectiveC.natvis'
NatVis script unloaded from 'C:\Program Files\WindowsApps\Microsoft.WinDbg_1.2603.20001.0_x64__8wekyb3d8bbwe\amd64\Visualizers\stl.natvis'
NatVis script unloaded from 'C:\Program Files\WindowsApps\Microsoft.WinDbg_1.2603.20001.0_x64__8wekyb3d8bbwe\amd64\Visualizers\Windows.Data.Json.natvis'
NatVis script unloaded from 'C:\Program Files\WindowsApps\Microsoft.WinDbg_1.2603.20001.0_x64__8wekyb3d8bbwe\amd64\Visualizers\Windows.Devices.Geolocation.natvis'
NatVis script unloaded from 'C:\Program Files\WindowsApps\Microsoft.WinDbg_1.2603.20001.0_x64__8wekyb3d8bbwe\amd64\Visualizers\Windows.Devices.Sensors.natvis'
NatVis script unloaded from 'C:\Program Files\WindowsApps\Microsoft.WinDbg_1.2603.20001.0_x64__8wekyb3d8bbwe\amd64\Visualizers\Windows.Media.natvis'
NatVis script unloaded from 'C:\Program Files\WindowsApps\Microsoft.WinDbg_1.2603.20001.0_x64__8wekyb3d8bbwe\amd64\Visualizers\windows.natvis'
NatVis script unloaded from 'C:\Program Files\WindowsApps\Microsoft.WinDbg_1.2603.20001.0_x64__8wekyb3d8bbwe\amd64\Visualizers\winrt.natvis'
