2026-04-04 05:25:48 INFO  Top 40 functions by body size:  
2026-04-04 05:25:48 INFO   1. FUN_00431cac 00431cac body=1 insns=1 calls=0  
2026-04-04 05:25:48 INFO   2. FUN_00442640 00442640 body=1 insns=1 calls=0  
2026-04-04 05:25:48 INFO   3. FUN_0045d837 0045d837 body=1 insns=1 calls=0  
2026-04-04 05:25:48 INFO   4. FUN_0045f70c 0045f70c body=1 insns=1 calls=0  
2026-04-04 05:25:48 INFO   5. FUN_0046a8ff 0046a8ff body=1 insns=1 calls=0  
2026-04-04 05:25:48 INFO   6. FUN_0046eff2 0046eff2 body=1 insns=1 calls=0  
2026-04-04 05:25:48 INFO   7. FUN_0046f61f 0046f61f body=1 insns=1 calls=0  
2026-04-04 05:25:48 INFO   8. FUN_00470554 00470554 body=3 insns=2 calls=0  
2026-04-04 05:25:48 INFO   9. FUN_00472d94 00472d94 body=3 insns=2 calls=0  
2026-04-04 05:25:48 INFO  10. FUN_0046a8fa 0046a8fa body=5 insns=1 calls=0  
2026-04-04 05:25:48 INFO  11. FUN_00457a60 00457a60 body=6 insns=2 calls=0  
2026-04-04 05:25:48 INFO  12. FUN_0046c557 0046c557 body=7 insns=6 calls=0  
2026-04-04 05:25:48 INFO  13. FUN_0046bd1b 0046bd1b body=7 insns=2 calls=1  
2026-04-04 05:25:48 INFO      FUN_00470609@00470609 x1  
2026-04-04 05:25:48 INFO  14. FUN_00472d9e 00472d9e body=7 insns=2 calls=1  
2026-04-04 05:25:48 INFO      FUN_00473124@00473124 x1  
2026-04-04 05:25:48 INFO  15. FUN_00472da5 00472da5 body=7 insns=2 calls=1  
2026-04-04 05:25:48 INFO      FUN_00472d94@00472d94 x1  
2026-04-04 05:25:48 INFO  16. FUN_00472d8b 00472d8b body=9 insns=4 calls=0  
2026-04-04 05:25:48 INFO  17. FUN_00404c58 00404c58 body=9 insns=3 calls=0  
2026-04-04 05:25:48 INFO  18. FUN_0046ff8e 0046ff8e body=10 insns=6 calls=1  
2026-04-04 05:25:48 INFO      GetCurrentProcessId@00473368 x1  
2026-04-04 05:25:48 INFO  19. FUN_004579f0 004579f0 body=10 insns=5 calls=1  
2026-04-04 05:25:48 INFO      FUN_00457910@00457910 x1  
2026-04-04 05:25:48 INFO  20. FUN_0046ac64 0046ac64 body=10 insns=5 calls=1  
2026-04-04 05:25:48 INFO      FUN_0046ac2b@0046ac2b x1  
2026-04-04 05:25:48 INFO  21. FUN_00457131 00457131 body=10 insns=3 calls=1  
2026-04-04 05:25:48 INFO      FUN_0046a8fa@0046a8fa x1  
2026-04-04 05:25:48 INFO  22. FUN_00434dd0 00434dd0 body=10 insns=2 calls=2  
2026-04-04 05:25:48 INFO      FUN_00457a70@00457a70 x1  
2026-04-04 05:25:48 INFO      FUN_00457e10@00457e10 x1  
2026-04-04 05:25:48 INFO  23. FUN_00447238 00447238 body=11 insns=5 calls=0  
2026-04-04 05:25:48 INFO  24. FUN_00458180 00458180 body=11 insns=5 calls=0  
2026-04-04 05:25:48 INFO  25. FUN_00409f28 00409f28 body=11 insns=3 calls=0  
2026-04-04 05:25:48 INFO  26. FUN_0042867c 0042867c body=11 insns=3 calls=0  
2026-04-04 05:25:48 INFO  27. FUN_00457ba0 00457ba0 body=11 insns=3 calls=1  
2026-04-04 05:25:48 INFO      FUN_00457b50@00457b50 x1  
2026-04-04 05:25:48 INFO  28. FUN_0045bd4c 0045bd4c body=11 insns=2 calls=0  
2026-04-04 05:25:48 INFO  29. FUN_0045bd57 0045bd57 body=11 insns=2 calls=0  
2026-04-04 05:25:48 INFO  30. FUN_00470ae8 00470ae8 body=11 insns=2 calls=0  
2026-04-04 05:25:48 INFO  31. FUN_0045d142 0045d142 body=12 insns=5 calls=1  
2026-04-04 05:25:48 INFO      FUN_0045d128@0045d128 x1  
2026-04-04 05:25:48 INFO  32. FUN_0046ada4 0046ada4 body=12 insns=5 calls=0  
2026-04-04 05:25:48 INFO  33. FUN_004088b4 004088b4 body=12 insns=3 calls=2  
2026-04-04 05:25:48 INFO      FUN_004568c0@004568c0 x1  
2026-04-04 05:25:48 INFO      FUN_00456d30@00456d30 x1  
2026-04-04 05:25:48 INFO  34. FUN_00457710 00457710 body=13 insns=5 calls=1  
2026-04-04 05:25:48 INFO      FUN_004576f0@004576f0 x1  
2026-04-04 05:25:48 INFO  35. FUN_00459410 00459410 body=13 insns=5 calls=0  
2026-04-04 05:25:48 INFO  36. FUN_00426e20 00426e20 body=14 insns=7 calls=0  
2026-04-04 05:25:48 INFO  37. FUN_00458030 00458030 body=14 insns=6 calls=1  
2026-04-04 05:25:48 INFO      FUN_0046b03f@0046b03f x1  
2026-04-04 05:25:48 INFO  38. FUN_00458705 00458705 body=14 insns=6 calls=0  
2026-04-04 05:25:48 INFO  39. FUN_0046d825 0046d825 body=14 insns=6 calls=1  
2026-04-04 05:25:48 INFO      FUN_0046a8fa@0046a8fa x1  
2026-04-04 05:25:48 INFO  40. FUN_0046d84a 0046d84a body=14 insns=6 calls=1  
2026-04-04 05:25:48 INFO      FUN_0046a8fa@0046a8fa x1  
2026-04-04 05:26:09 INFO  Top 40 functions by body size:  
2026-04-04 05:26:09 INFO   1. FUN_00449240 00449240 body=18488 insns=4541 calls=0  
2026-04-04 05:26:09 INFO   2. FUN_00420574 00420574 body=12239 insns=3861 calls=139  
2026-04-04 05:26:09 INFO      FUN_0042ade0@0042ade0 x9  
2026-04-04 05:26:09 INFO      FUN_0041fe30@0041fe30 x8  
2026-04-04 05:26:09 INFO      FUN_0041f0a8@0041f0a8 x7  
2026-04-04 05:26:09 INFO      FUN_004200e0@004200e0 x7  
2026-04-04 05:26:09 INFO      FUN_00408a04@00408a04 x6  
2026-04-04 05:26:09 INFO      FUN_00438340@00438340 x6  
2026-04-04 05:26:09 INFO      FUN_004385ec@004385ec x6  
2026-04-04 05:26:09 INFO      FUN_00457330@00457330 x6  
2026-04-04 05:26:09 INFO   3. FUN_0043d944 0043d944 body=6346 insns=1596 calls=128  
2026-04-04 05:26:09 INFO      FUN_00447244@00447244 x8  
2026-04-04 05:26:09 INFO      FUN_00450497@00450497 x8  
2026-04-04 05:26:09 INFO      FUN_0042b884@0042b884 x7  
2026-04-04 05:26:09 INFO      FUN_004503ff@004503ff x6  
2026-04-04 05:26:09 INFO      FUN_00450448@00450448 x6  
2026-04-04 05:26:09 INFO      FUN_00455330@00455330 x6  
2026-04-04 05:26:09 INFO      FUN_00458ae2@00458ae2 x6  
2026-04-04 05:26:09 INFO      FUN_004503c5@004503c5 x5  
2026-04-04 05:26:09 INFO   4. FUN_004409ac 004409ac body=6039 insns=1488 calls=245  
2026-04-04 05:26:09 INFO      FUN_00435a6c@00435a6c x21  
2026-04-04 05:26:09 INFO      FUN_00456190@00456190 x21  
2026-04-04 05:26:09 INFO      FUN_00456170@00456170 x19  
2026-04-04 05:26:09 INFO      FUN_004580c0@004580c0 x11  
2026-04-04 05:26:09 INFO      FUN_00431b98@00431b98 x10  
2026-04-04 05:26:09 INFO      FUN_00438340@00438340 x10  
2026-04-04 05:26:09 INFO      FUN_00431b60@00431b60 x8  
2026-04-04 05:26:09 INFO      FUN_00409f28@00409f28 x5  
2026-04-04 05:26:09 INFO   5. FUN_00415e48 00415e48 body=5817 insns=1644 calls=72  
2026-04-04 05:26:09 INFO      FUN_00454b20@00454b20 x8  
2026-04-04 05:26:09 INFO      FUN_00408a04@00408a04 x7  
2026-04-04 05:26:09 INFO      FUN_00415d60@00415d60 x6  
2026-04-04 05:26:09 INFO      FUN_00454ab8@00454ab8 x6  
2026-04-04 05:26:09 INFO      FUN_00404d74@00404d74 x4  
2026-04-04 05:26:09 INFO      FUN_0042ade0@0042ade0 x4  
2026-04-04 05:26:09 INFO      FUN_00454ae8@00454ae8 x4  
2026-04-04 05:26:09 INFO      FUN_00413e14@00413e14 x3  
2026-04-04 05:26:09 INFO   6. FUN_00406aec 00406aec body=5703 insns=1431 calls=22  
2026-04-04 05:26:09 INFO      FUN_0044da80@0044da80 x12  
2026-04-04 05:26:09 INFO      FUN_00455bb8@00455bb8 x4  
2026-04-04 05:26:09 INFO      FUN_00405400@00405400 x1  
2026-04-04 05:26:09 INFO      FUN_00406634@00406634 x1  
2026-04-04 05:26:09 INFO      FUN_0044dcf9@0044dcf9 x1  
2026-04-04 05:26:09 INFO      FUN_00454030@00454030 x1  
2026-04-04 05:26:09 INFO      FUN_00454060@00454060 x1  
2026-04-04 05:26:09 INFO      FUN_00455370@00455370 x1  
2026-04-04 05:26:09 INFO   7. FUN_004237e0 004237e0 body=5351 insns=1609 calls=49  
2026-04-04 05:26:09 INFO      FUN_00454b20@00454b20 x5  
2026-04-04 05:26:09 INFO      FUN_0045713b@0045713b x5  
2026-04-04 05:26:09 INFO      FUN_00454ae8@00454ae8 x4  
2026-04-04 05:26:09 INFO      FUN_00408a04@00408a04 x3  
2026-04-04 05:26:09 INFO      FUN_0043848c@0043848c x3  
2026-04-04 05:26:09 INFO      FUN_0045826c@0045826c x3  
2026-04-04 05:26:09 INFO      FUN_00438340@00438340 x2  
2026-04-04 05:26:09 INFO      FUN_0043b07c@0043b07c x2  
2026-04-04 05:26:09 INFO   8. FUN_0041a790 0041a790 body=4689 insns=1144 calls=78  
2026-04-04 05:26:09 INFO      FUN_00419f1c@00419f1c x9  
2026-04-04 05:26:09 INFO      FUN_0047403c@0047403c x5  
2026-04-04 05:26:09 INFO      FUN_00419c8c@00419c8c x4  
2026-04-04 05:26:09 INFO      FUN_00455370@00455370 x4  
2026-04-04 05:26:09 INFO      FUN_00455950@00455950 x4  
2026-04-04 05:26:09 INFO      FUN_004559c0@004559c0 x4  
2026-04-04 05:26:09 INFO      FUN_004591b8@004591b8 x4  
2026-04-04 05:26:09 INFO      FUN_0041d3ac@0041d3ac x3  
2026-04-04 05:26:09 INFO   9. FUN_0043b3cc 0043b3cc body=4475 insns=1171 calls=62  
2026-04-04 05:26:09 INFO      FUN_004385ec@004385ec x30  
2026-04-04 05:26:09 INFO      FUN_004582c0@004582c0 x11  
2026-04-04 05:26:09 INFO      FUN_00458190@00458190 x3  
2026-04-04 05:26:09 INFO      FUN_0040b518@0040b518 x2  
2026-04-04 05:26:09 INFO      FUN_0043b23c@0043b23c x2  
2026-04-04 05:26:09 INFO      FUN_00454ab8@00454ab8 x2  
2026-04-04 05:26:09 INFO      FUN_0045833c@0045833c x2  
2026-04-04 05:26:09 INFO      FUN_00411828@00411828 x1  
2026-04-04 05:26:09 INFO  10. FUN_00417b04 00417b04 body=4187 insns=1258 calls=40  
2026-04-04 05:26:09 INFO      FUN_00454ab8@00454ab8 x9  
2026-04-04 05:26:09 INFO      FUN_00408a04@00408a04 x7  
2026-04-04 05:26:09 INFO      FUN_00415010@00415010 x5  
2026-04-04 05:26:09 INFO      FUN_00413ef0@00413ef0 x2  
2026-04-04 05:26:09 INFO      FUN_004150a4@004150a4 x2  
2026-04-04 05:26:09 INFO      FUN_00417528@00417528 x2  
2026-04-04 05:26:09 INFO      FUN_00454ae8@00454ae8 x2  
2026-04-04 05:26:09 INFO      FUN_00454b20@00454b20 x2  
2026-04-04 05:26:09 INFO  11. FUN_0043c938 0043c938 body=3977 insns=1154 calls=77  
2026-04-04 05:26:09 INFO      FUN_00450497@00450497 x17  
2026-04-04 05:26:09 INFO      FUN_00450448@00450448 x9  
2026-04-04 05:26:09 INFO      FUN_00454620@00454620 x5  
2026-04-04 05:26:09 INFO      FUN_0043c8a0@0043c8a0 x4  
2026-04-04 05:26:09 INFO      FUN_0044dcf9@0044dcf9 x4  
2026-04-04 05:26:09 INFO      FUN_00404d74@00404d74 x3  
2026-04-04 05:26:09 INFO      FUN_0042b484@0042b484 x3  
2026-04-04 05:26:09 INFO      FUN_0042b5a4@0042b5a4 x3  
2026-04-04 05:26:09 INFO  12. FUN_0040e360 0040e360 body=3515 insns=853 calls=75  
2026-04-04 05:26:09 INFO      FUN_0040d4c0@0040d4c0 x9  
2026-04-04 05:26:09 INFO      FUN_00455370@00455370 x6  
2026-04-04 05:26:09 INFO      FUN_0042ecb4@0042ecb4 x5  
2026-04-04 05:26:09 INFO      FUN_0042ee68@0042ee68 x5  
2026-04-04 05:26:09 INFO      FUN_0042f458@0042f458 x5  
2026-04-04 05:26:09 INFO      FUN_00434468@00434468 x5  
2026-04-04 05:26:09 INFO      FUN_00458d80@00458d80 x5  
2026-04-04 05:26:09 INFO      FUN_0047403c@0047403c x5  
2026-04-04 05:26:09 INFO  13. FUN_0043a274 0043a274 body=3497 insns=883 calls=42  
2026-04-04 05:26:09 INFO      FUN_00404d74@00404d74 x10  
2026-04-04 05:26:09 INFO      FUN_00438984@00438984 x5  
2026-04-04 05:26:09 INFO      FUN_00436e80@00436e80 x4  
2026-04-04 05:26:09 INFO      FUN_00438bfc@00438bfc x4  
2026-04-04 05:26:09 INFO      FUN_00438e78@00438e78 x4  
2026-04-04 05:26:09 INFO      FUN_00438768@00438768 x3  
2026-04-04 05:26:09 INFO      FUN_00454ab8@00454ab8 x2  
2026-04-04 05:26:09 INFO      FUN_00437958@00437958 x1  
2026-04-04 05:26:09 INFO  14. FUN_0043322c 0043322c body=3495 insns=784 calls=144  
2026-04-04 05:26:09 INFO      FUN_00450497@00450497 x17  
2026-04-04 05:26:09 INFO      FUN_00450368@00450368 x16  
2026-04-04 05:26:09 INFO      FUN_0043d944@0043d944 x11  
2026-04-04 05:26:09 INFO      FUN_004560b0@004560b0 x9  
2026-04-04 05:26:09 INFO      FUN_0042af8c@0042af8c x8  
2026-04-04 05:26:09 INFO      FUN_0042b2f8@0042b2f8 x8  
2026-04-04 05:26:09 INFO      FUN_0042bf44@0042bf44 x8  
2026-04-04 05:26:09 INFO      FUN_00432330@00432330 x8  
2026-04-04 05:26:09 INFO  15. FUN_00446104 00446104 body=3461 insns=968 calls=5  
2026-04-04 05:26:09 INFO      FUN_0042683c@0042683c x1  
2026-04-04 05:26:09 INFO      FUN_0042b8c0@0042b8c0 x1  
2026-04-04 05:26:09 INFO      FUN_00444098@00444098 x1  
2026-04-04 05:26:09 INFO      FUN_00450368@00450368 x1  
2026-04-04 05:26:09 INFO      FUN_004503ff@004503ff x1  
2026-04-04 05:26:09 INFO  16. FUN_004453bc 004453bc body=3398 insns=919 calls=1  
2026-04-04 05:26:09 INFO      FUN_0045042c@0045042c x1  
2026-04-04 05:26:09 INFO  17. FUN_0041f0a8 0041f0a8 body=3370 insns=1129 calls=16  
2026-04-04 05:26:09 INFO      FUN_00454b20@00454b20 x5  
2026-04-04 05:26:09 INFO      FUN_00454ae8@00454ae8 x3  
2026-04-04 05:26:09 INFO      FUN_0042ade0@0042ade0 x1  
2026-04-04 05:26:09 INFO      FUN_0042cd30@0042cd30 x1  
2026-04-04 05:26:09 INFO      FUN_0042f770@0042f770 x1  
2026-04-04 05:26:09 INFO      FUN_0042f7b8@0042f7b8 x1  
2026-04-04 05:26:09 INFO      FUN_00454aff@00454aff x1  
2026-04-04 05:26:09 INFO      FUN_00456170@00456170 x1  
2026-04-04 05:26:09 INFO  18. FUN_00447ac8 00447ac8 body=3141 insns=990 calls=2  
2026-04-04 05:26:09 INFO      FUN_00404ef6@00404ef6 x1  
2026-04-04 05:26:09 INFO      FUN_00448710@00448710 x1  
2026-04-04 05:26:09 INFO  19. FUN_0040f6c4 0040f6c4 body=3005 insns=768 calls=91  
2026-04-04 05:26:09 INFO      FUN_00458bec@00458bec x5  
2026-04-04 05:26:09 INFO      thunk_FUN_004502b1@0044dd53 x5  
2026-04-04 05:26:09 INFO      FUN_0044dcf9@0044dcf9 x4  
2026-04-04 05:26:09 INFO      FUN_00453a09@00453a09 x4  
2026-04-04 05:26:09 INFO      FUN_00455330@00455330 x4  
2026-04-04 05:26:09 INFO      FUN_00458bd4@00458bd4 x4  
2026-04-04 05:26:09 INFO      FUN_00459410@00459410 x4  
2026-04-04 05:26:09 INFO      FUN_00459820@00459820 x4  
2026-04-04 05:26:09 INFO  20. FUN_00436e80 00436e80 body=2775 insns=743 calls=9  
2026-04-04 05:26:09 INFO      FUN_0043697c@0043697c x3  
2026-04-04 05:26:09 INFO      FUN_00454b20@00454b20 x3  
2026-04-04 05:26:09 INFO      FUN_00404d74@00404d74 x1  
2026-04-04 05:26:09 INFO      FUN_00454ab8@00454ab8 x1  
2026-04-04 05:26:09 INFO      FUN_00454ae8@00454ae8 x1  
2026-04-04 05:26:09 INFO  21. FUN_0041c290 0041c290 body=2736 insns=660 calls=52  
2026-04-04 05:26:09 INFO      FUN_00455370@00455370 x4  
2026-04-04 05:26:09 INFO      FUN_00457db0@00457db0 x4  
2026-04-04 05:26:09 INFO      FUN_0041c1a4@0041c1a4 x3  
2026-04-04 05:26:09 INFO      FUN_0042b338@0042b338 x3  
2026-04-04 05:26:09 INFO      FUN_004580c0@004580c0 x3  
2026-04-04 05:26:09 INFO      FUN_0042b2f8@0042b2f8 x2  
2026-04-04 05:26:09 INFO      FUN_004560b0@004560b0 x2  
2026-04-04 05:26:09 INFO      FUN_004567c0@004567c0 x2  
2026-04-04 05:26:09 INFO  22. FUN_0042d500 0042d500 body=2457 insns=671 calls=72  
2026-04-04 05:26:09 INFO      FUN_00450497@00450497 x4  
2026-04-04 05:26:09 INFO      FUN_00458bec@00458bec x4  
2026-04-04 05:26:09 INFO      FUN_00418b60@00418b60 x3  
2026-04-04 05:26:09 INFO      FUN_00431b60@00431b60 x3  
2026-04-04 05:26:09 INFO      FUN_0043d944@0043d944 x3  
2026-04-04 05:26:09 INFO      FUN_004555a0@004555a0 x3  
2026-04-04 05:26:09 INFO      FUN_004591b8@004591b8 x3  
2026-04-04 05:26:09 INFO      FUN_0042af60@0042af60 x2  
2026-04-04 05:26:09 INFO  23. FUN_0040a790 0040a790 body=2360 insns=602 calls=32  
2026-04-04 05:26:09 INFO      FUN_0040a548@0040a548 x5  
2026-04-04 05:26:09 INFO      FUN_0040a5a8@0040a5a8 x5  
2026-04-04 05:26:09 INFO      FUN_00405c30@00405c30 x4  
2026-04-04 05:26:09 INFO      FUN_00414a90@00414a90 x4  
2026-04-04 05:26:09 INFO      FUN_00454030@00454030 x4  
2026-04-04 05:26:09 INFO      FUN_00454060@00454060 x4  
2026-04-04 05:26:09 INFO      FUN_00454ab8@00454ab8 x4  
2026-04-04 05:26:09 INFO      FUN_00414a68@00414a68 x1  
2026-04-04 05:26:09 INFO  24. FUN_0042bf44 0042bf44 body=2221 insns=628 calls=27  
2026-04-04 05:26:09 INFO      FUN_0042f458@0042f458 x9  
2026-04-04 05:26:09 INFO      FUN_00450448@00450448 x2  
2026-04-04 05:26:09 INFO      FUN_00454620@00454620 x2  
2026-04-04 05:26:09 INFO      FUN_0042f578@0042f578 x1  
2026-04-04 05:26:09 INFO      FUN_00450497@00450497 x1  
2026-04-04 05:26:09 INFO      FUN_004506de@004506de x1  
2026-04-04 05:26:09 INFO      FUN_00450760@00450760 x1  
2026-04-04 05:26:09 INFO      FUN_00455370@00455370 x1  
2026-04-04 05:26:09 INFO  25. FUN_0043f90c 0043f90c body=2000 insns=493 calls=22  
2026-04-04 05:26:09 INFO      FUN_004385ec@004385ec x8  
2026-04-04 05:26:09 INFO      FUN_00404d74@00404d74 x6  
2026-04-04 05:26:09 INFO      FUN_00454ab8@00454ab8 x3  
2026-04-04 05:26:09 INFO      FUN_004159d0@004159d0 x1  
2026-04-04 05:26:09 INFO      FUN_0043697c@0043697c x1  
2026-04-04 05:26:09 INFO      FUN_0043f210@0043f210 x1  
2026-04-04 05:26:09 INFO      FUN_0043f338@0043f338 x1  
2026-04-04 05:26:09 INFO      FUN_0043f5a0@0043f5a0 x1  
2026-04-04 05:26:09 INFO  26. FUN_0042cd30 0042cd30 body=1997 insns=454 calls=55  
2026-04-04 05:26:09 INFO      FUN_004591b8@004591b8 x8  
2026-04-04 05:26:09 INFO      FUN_0042bf44@0042bf44 x6  
2026-04-04 05:26:09 INFO      FUN_0042cbe8@0042cbe8 x3  
2026-04-04 05:26:09 INFO      FUN_004580c0@004580c0 x3  
2026-04-04 05:26:09 INFO      FUN_004086b4@004086b4 x2  
2026-04-04 05:26:09 INFO      FUN_00409c60@00409c60 x2  
2026-04-04 05:26:09 INFO      FUN_0042b2f8@0042b2f8 x2  
2026-04-04 05:26:09 INFO      FUN_00431b98@00431b98 x2  
2026-04-04 05:26:09 INFO  27. FUN_0041d7ac 0041d7ac body=1964 insns=469 calls=101  
2026-04-04 05:26:09 INFO      FUN_004591b8@004591b8 x12  
2026-04-04 05:26:09 INFO      FUN_00456190@00456190 x7  
2026-04-04 05:26:09 INFO      FUN_00434dd0@00434dd0 x6  
2026-04-04 05:26:09 INFO      FUN_004559c0@004559c0 x6  
2026-04-04 05:26:09 INFO      FUN_004088b4@004088b4 x3  
2026-04-04 05:26:09 INFO      FUN_004088d4@004088d4 x3  
2026-04-04 05:26:09 INFO      FUN_0044065c@0044065c x3  
2026-04-04 05:26:09 INFO      FUN_004449e4@004449e4 x3  
2026-04-04 05:26:09 INFO  28. FUN_0041bab0 0041bab0 body=1780 insns=412 calls=42  
2026-04-04 05:26:09 INFO      FUN_0041994c@0041994c x3  
2026-04-04 05:26:09 INFO      FUN_0045713b@0045713b x3  
2026-04-04 05:26:09 INFO      CloseHandle@EXTERNAL:00000011 x2  
2026-04-04 05:26:09 INFO      FUN_004349c0@004349c0 x2  
2026-04-04 05:26:09 INFO      FUN_00434dd0@00434dd0 x2  
2026-04-04 05:26:09 INFO      FUN_00456ec0@00456ec0 x2  
2026-04-04 05:26:09 INFO      FUN_004582c0@004582c0 x2  
2026-04-04 05:26:09 INFO      FUN_00458a8c@00458a8c x2  
2026-04-04 05:26:09 INFO  29. FUN_00436224 00436224 body=1746 insns=415 calls=43  
2026-04-04 05:26:09 INFO      FUN_004560b0@004560b0 x6  
2026-04-04 05:26:09 INFO      FUN_00459750@00459750 x6  
2026-04-04 05:26:09 INFO      FUN_0043521c@0043521c x2  
2026-04-04 05:26:09 INFO      FUN_00435a6c@00435a6c x2  
2026-04-04 05:26:09 INFO      FUN_00454a11@00454a11 x2  
2026-04-04 05:26:09 INFO      FUN_00404d74@00404d74 x1  
2026-04-04 05:26:09 INFO      FUN_00405c30@00405c30 x1  
2026-04-04 05:26:09 INFO      FUN_00408e90@00408e90 x1  
2026-04-04 05:26:09 INFO  30. FUN_00450760 00450760 body=1723 insns=437 calls=14  
2026-04-04 05:26:09 INFO      FUN_00453e63@00453e63 x6  
2026-04-04 05:26:09 INFO      FUN_00469ea4@00469ea4 x2  
2026-04-04 05:26:09 INFO      FUN_00453fbc@00453fbc x1  
2026-04-04 05:26:09 INFO      FUN_00453ff8@00453ff8 x1  
2026-04-04 05:26:09 INFO      FUN_00454030@00454030 x1  
2026-04-04 05:26:09 INFO      FUN_00469df0@00469df0 x1  
2026-04-04 05:26:09 INFO      FUN_00469e50@00469e50 x1  
2026-04-04 05:26:09 INFO      FUN_00469e80@00469e80 x1  
2026-04-04 05:26:09 INFO  31. FUN_00431118 00431118 body=1721 insns=523 calls=43  
2026-04-04 05:26:09 INFO      CloseHandle@EXTERNAL:00000011 x6  
2026-04-04 05:26:09 INFO      FUN_0045b0a0@0045b0a0 x6  
2026-04-04 05:26:09 INFO      FUN_00434ddc@00434ddc x4  
2026-04-04 05:26:09 INFO      FUN_00434e34@00434e34 x4  
2026-04-04 05:26:09 INFO      FUN_0045b020@0045b020 x3  
2026-04-04 05:26:09 INFO      SetFilePointer@EXTERNAL:00000022 x3  
2026-04-04 05:26:09 INFO      FUN_00430550@00430550 x2  
2026-04-04 05:26:09 INFO      FUN_00454840@00454840 x2  
2026-04-04 05:26:09 INFO  32. FUN_004395dc 004395dc body=1720 insns=484 calls=28  
2026-04-04 05:26:09 INFO      FUN_0042b694@0042b694 x5  
2026-04-04 05:26:09 INFO      FUN_004086b4@004086b4 x4  
2026-04-04 05:26:09 INFO      FUN_004385ec@004385ec x4  
2026-04-04 05:26:09 INFO      FUN_00456ec0@00456ec0 x4  
2026-04-04 05:26:09 INFO      FUN_00408a04@00408a04 x3  
2026-04-04 05:26:09 INFO      FUN_0043697c@0043697c x2  
2026-04-04 05:26:09 INFO      FUN_00438340@00438340 x2  
2026-04-04 05:26:09 INFO      FUN_004158bc@004158bc x1  
2026-04-04 05:26:09 INFO  33. FUN_0040cce0 0040cce0 body=1695 insns=445 calls=46  
2026-04-04 05:26:09 INFO      FUN_0040c47c@0040c47c x5  
2026-04-04 05:26:09 INFO      FUN_004560b0@004560b0 x5  
2026-04-04 05:26:09 INFO      FUN_0042b2f8@0042b2f8 x4  
2026-04-04 05:26:09 INFO      FUN_0040cb74@0040cb74 x2  
2026-04-04 05:26:09 INFO      FUN_00418bd8@00418bd8 x2  
2026-04-04 05:26:09 INFO      FUN_00431b98@00431b98 x2  
2026-04-04 05:26:09 INFO      FUN_004385ec@004385ec x2  
2026-04-04 05:26:09 INFO      FUN_00458208@00458208 x2  
2026-04-04 05:26:09 INFO  34. FUN_00448be0 00448be0 body=1618 insns=464 calls=4  
2026-04-04 05:26:09 INFO      FUN_00404ef6@00404ef6 x2  
2026-04-04 05:26:09 INFO      FUN_00448710@00448710 x1  
2026-04-04 05:26:09 INFO      FUN_00454ab8@00454ab8 x1  
2026-04-04 05:26:09 INFO  35. FUN_0040b9e8 0040b9e8 body=1528 insns=419 calls=25  
2026-04-04 05:26:09 INFO      FUN_00405c30@00405c30 x9  
2026-04-04 05:26:09 INFO      FUN_004584ec@004584ec x9  
2026-04-04 05:26:09 INFO      FUN_00454aff@00454aff x4  
2026-04-04 05:26:09 INFO      FUN_00454b20@00454b20 x2  
2026-04-04 05:26:09 INFO      FUN_0045838c@0045838c x1  
2026-04-04 05:26:09 INFO  36. FUN_004297b0 004297b0 body=1513 insns=400 calls=22  
2026-04-04 05:26:09 INFO      FUN_00450448@00450448 x5  
2026-04-04 05:26:09 INFO      FUN_00455330@00455330 x5  
2026-04-04 05:26:09 INFO      FUN_00454030@00454030 x4  
2026-04-04 05:26:09 INFO      FUN_00450760@00450760 x3  
2026-04-04 05:26:09 INFO      FUN_00453a09@00453a09 x2  
2026-04-04 05:26:09 INFO      FUN_00429608@00429608 x1  
2026-04-04 05:26:09 INFO      FUN_004296b4@004296b4 x1  
2026-04-04 05:26:09 INFO      FUN_004540f1@004540f1 x1  
2026-04-04 05:26:09 INFO  37. FUN_00410508 00410508 body=1464 insns=409 calls=16  
2026-04-04 05:26:09 INFO      FUN_004560b0@004560b0 x3  
2026-04-04 05:26:09 INFO      FUN_00459750@00459750 x3  
2026-04-04 05:26:09 INFO      FUN_004088b4@004088b4 x1  
2026-04-04 05:26:09 INFO      FUN_00408f28@00408f28 x1  
2026-04-04 05:26:09 INFO      FUN_0040931c@0040931c x1  
2026-04-04 05:26:09 INFO      FUN_0042b470@0042b470 x1  
2026-04-04 05:26:09 INFO      FUN_00435164@00435164 x1  
2026-04-04 05:26:09 INFO      FUN_00442448@00442448 x1  
2026-04-04 05:26:09 INFO  38. FUN_0045a4ac 0045a4ac body=1442 insns=396 calls=0  
2026-04-04 05:26:09 INFO  39. FUN_00437b7c 00437b7c body=1441 insns=525 calls=16  
2026-04-04 05:26:09 INFO      FUN_00404c61@00404c61 x5  
2026-04-04 05:26:09 INFO      FUN_004113f4@004113f4 x5  
2026-04-04 05:26:09 INFO      FUN_00405c30@00405c30 x1  
2026-04-04 05:26:09 INFO      FUN_00405ebc@00405ebc x1  
2026-04-04 05:26:09 INFO      FUN_00411728@00411728 x1  
2026-04-04 05:26:09 INFO      FUN_00411828@00411828 x1  
2026-04-04 05:26:09 INFO      FUN_00425350@00425350 x1  
2026-04-04 05:26:09 INFO      FUN_0042b694@0042b694 x1  
2026-04-04 05:26:09 INFO  40. FUN_004121c4 004121c4 body=1418 insns=388 calls=13  
2026-04-04 05:26:09 INFO      FUN_00405f10@00405f10 x8  
2026-04-04 05:26:09 INFO      FUN_00405c30@00405c30 x1  
2026-04-04 05:26:09 INFO      FUN_00405ebc@00405ebc x1  
2026-04-04 05:26:09 INFO      FUN_004117b8@004117b8 x1  
2026-04-04 05:26:09 INFO      FUN_00454ae8@00454ae8 x1  
2026-04-04 05:26:09 INFO      FUN_00454b20@00454b20 x1  
